<?xml version="1.0" encoding="UTF-8"?>
<!-- Generated by org.testng.reporters.JUnitReportReporter -->
<testsuite hostname="FIRST" failures="0" tests="3" name="ExcelDriven" time="4.241" errors="0" timestamp="2022-02-02T02:10:44 BRT" skipped="0">
  <testcase classname="ExcelDriven" name="addBook" time="2.682"/>
  <system-out/>
  <testcase classname="ExcelDriven" name="addBook" time="0.759"/>
  <system-out/>
  <testcase classname="ExcelDriven" name="addBook" time="0.800"/>
  <system-out/>
</testsuite> <!-- ExcelDriven -->
