<?xml version="1.0" encoding="UTF-8"?>
<!-- Generated by org.testng.reporters.JUnitReportReporter -->
<testsuite hostname="FIRST" failures="0" tests="1" name="ExcelDriven" time="3.300" errors="0" timestamp="2022-02-01T22:12:03 BRT" skipped="0">
  <testcase classname="ExcelDriven" name="addBook" time="3.300"/>
  <system-out/>
</testsuite> <!-- ExcelDriven -->
