<?xml version="1.0" encoding="UTF-8"?>
<!-- Generated by org.testng.reporters.JUnitReportReporter -->
<testsuite hostname="FIRST" failures="0" tests="1" name="excelDriven" time="2.862" errors="0" timestamp="2022-02-01T21:13:23 BRT" skipped="0">
  <testcase classname="excelDriven" name="addBook" time="2.862"/>
  <system-out/>
</testsuite> <!-- excelDriven -->
