<?xml version="1.0" encoding="UTF-8"?>
<!-- Generated by org.testng.reporters.JUnitReportReporter -->
<testsuite hostname="FIRST" failures="0" tests="2" name="ExcelDriven" time="3.494" errors="0" timestamp="2022-02-02T01:00:40 BRT" skipped="0">
  <testcase classname="ExcelDriven" name="addBook" time="0.772"/>
  <system-out/>
  <testcase classname="ExcelDriven" name="addBook" time="2.722"/>
  <system-out/>
</testsuite> <!-- ExcelDriven -->
